<?xml version="1.0" encoding="UTF-8"?>
<TestRun id="e771e4d9-2c71-46ea-b6c4-6b8e41bef0d1" name="Oetawan@FAKHRI 2012-11-25 20:24:06" runUser="FAKHRI\Oetawan" xmlns="http://microsoft.com/schemas/VisualStudio/TeamTest/2010">
  <TestSettings name="Local" id="4e3a9320-3389-4245-aa23-3ca096a9254c">
    <Description>These are default test settings for a local test run.</Description>
    <Deployment enabled="false" runDeploymentRoot="Oetawan_FAKHRI 2012-11-25 20_24_06">
      <DeploymentItem filename="E:\Projects\porder\porder.data.contract\bin\Debug\porder.data.contract.dll" />
      <DeploymentItem filename="E:\Projects\porder\porder.model\bin\Debug\porder.model.dll" />
      <DeploymentItem filename="E:\Projects\porder\packages\EntityFramework.5.0.0\lib\net40\EntityFramework.dll" />
      <DeploymentItem filename="E:\Projects\porder\porder.data\bin\Debug\porder.data.dll" />
    </Deployment>
    <Execution>
      <TestTypeSpecific />
      <AgentRule name="Execution Agents">
      </AgentRule>
    </Execution>
  </TestSettings>
  <Times creation="2012-11-25T20:24:06.8599822+07:00" queuing="2012-11-25T20:24:08.2500617+07:00" start="2012-11-25T20:24:08.4220715+07:00" finish="2012-11-25T20:24:09.5551364+07:00" />
  <ResultSummary outcome="Failed">
    <Counters total="1" executed="1" error="0" failed="1" timeout="0" aborted="0" inconclusive="0" passedButRunAborted="0" notRunnable="0" notExecuted="0" disconnected="0" warning="0" passed="0" completed="0" inProgress="0" pending="0" />
  </ResultSummary>
  <TestDefinitions>
    <UnitTest name="TestFindAllGroups" storage="e:\projects\porder\porder.test\bin\debug\porder.test.dll" id="68f6ddcc-26ec-95b3-6b4b-3131e487882d">
      <Execution id="0fe76973-78d0-4dd7-a9b7-1d54a72fed95" />
      <TestMethod codeBase="E:/Projects/porder/porder.test/bin/Debug/porder.test.DLL" adapterTypeName="Microsoft.VisualStudio.TestTools.TestTypes.Unit.UnitTestAdapter, Microsoft.VisualStudio.QualityTools.Tips.UnitTest.Adapter, Version=10.0.0.0, Culture=neutral, PublicKeyToken=b03f5f7f11d50a3a" className="porder.test.GroupingRepositoryTest, porder.test, Version=1.0.0.0, Culture=neutral, PublicKeyToken=null" name="TestFindAllGroups" />
    </UnitTest>
  </TestDefinitions>
  <TestLists>
    <TestList name="Results Not in a List" id="8c84fa94-04c1-424b-9868-57a2d4851a1d" />
    <TestList name="All Loaded Results" id="19431567-8539-422a-85d7-44ee4e166bda" />
  </TestLists>
  <TestEntries>
    <TestEntry testId="68f6ddcc-26ec-95b3-6b4b-3131e487882d" executionId="0fe76973-78d0-4dd7-a9b7-1d54a72fed95" testListId="8c84fa94-04c1-424b-9868-57a2d4851a1d" />
  </TestEntries>
  <Results>
    <UnitTestResult executionId="0fe76973-78d0-4dd7-a9b7-1d54a72fed95" testId="68f6ddcc-26ec-95b3-6b4b-3131e487882d" testName="TestFindAllGroups" computerName="FAKHRI" duration="00:00:00.3700253" startTime="2012-11-25T20:24:08.6660855+07:00" endTime="2012-11-25T20:24:09.4131282+07:00" testType="13cdc9d9-ddb5-4fa4-a97d-d965ccfc6d4b" outcome="Failed" testListId="8c84fa94-04c1-424b-9868-57a2d4851a1d" relativeResultsDirectory="0fe76973-78d0-4dd7-a9b7-1d54a72fed95">
      <Output>
        <ErrorInfo>
          <Message>Test method porder.test.GroupingRepositoryTest.TestFindAllGroups threw exception: 
System.InvalidCastException: Unable to cast object of type 'System.Data.Entity.Internal.InternalSqlNonSetQuery' to type 'System.Collections.Generic.IEnumerable`1[porder.model.Grouping]'.</Message>
          <StackTrace>    at porder.data.GroupingRepository.FindAll() in E:\Projects\porder\porder.data\GroupingRepository.cs:line 19
   at porder.test.GroupingRepositoryTest.TestFindAllGroups() in E:\Projects\porder\porder.test\GroupingRepositoryTest.cs:line 74
</StackTrace>
        </ErrorInfo>
      </Output>
    </UnitTestResult>
  </Results>
</TestRun>