<?xml version="1.0" encoding="UTF-8"?>
<TestRun id="05c766b4-79ff-426c-a20c-683f5e86a8e4" name="Oetawan@FAKHRI 2012-11-25 20:24:49" runUser="FAKHRI\Oetawan" xmlns="http://microsoft.com/schemas/VisualStudio/TeamTest/2010">
  <TestSettings name="Local" id="4e3a9320-3389-4245-aa23-3ca096a9254c">
    <Description>These are default test settings for a local test run.</Description>
    <Deployment enabled="false" runDeploymentRoot="Oetawan_FAKHRI 2012-11-25 20_24_49" />
    <Execution>
      <TestTypeSpecific />
      <AgentRule name="Execution Agents">
      </AgentRule>
    </Execution>
  </TestSettings>
  <Times creation="2012-11-25T20:24:49.0063928+07:00" queuing="2012-11-25T20:24:49.6034270+07:00" start="2012-11-25T20:24:50.3144677+07:00" finish="2012-11-25T20:25:17.0129947+07:00" />
  <ResultSummary outcome="Failed">
    <Counters total="1" executed="1" error="0" failed="1" timeout="0" aborted="0" inconclusive="0" passedButRunAborted="0" notRunnable="0" notExecuted="0" disconnected="0" warning="0" passed="0" completed="0" inProgress="0" pending="0" />
  </ResultSummary>
  <TestDefinitions>
    <UnitTest name="TestFindAllGroups" storage="c:\users\oetawan\appdata\local\temp\f442zqni.zmv\porder.test.dll" id="68f6ddcc-26ec-95b3-6b4b-3131e487882d">
      <Execution timeOut="1800000" id="28de7f96-e18e-449d-bc55-a0a0e805ddf8" />
      <TestMethod codeBase="C:/Users/Oetawan/AppData/Local/Temp/f442zqni.zmv/porder.test.DLL" adapterTypeName="Microsoft.VisualStudio.TestTools.TestTypes.Unit.UnitTestAdapter, Microsoft.VisualStudio.QualityTools.Tips.UnitTest.Adapter, Version=10.0.0.0, Culture=neutral, PublicKeyToken=b03f5f7f11d50a3a" className="porder.test.GroupingRepositoryTest, porder.test, Version=1.0.0.0, Culture=neutral, PublicKeyToken=null" name="TestFindAllGroups" />
    </UnitTest>
  </TestDefinitions>
  <TestLists>
    <TestList name="Results Not in a List" id="8c84fa94-04c1-424b-9868-57a2d4851a1d" />
    <TestList name="All Loaded Results" id="19431567-8539-422a-85d7-44ee4e166bda" />
  </TestLists>
  <TestEntries>
    <TestEntry testId="68f6ddcc-26ec-95b3-6b4b-3131e487882d" executionId="28de7f96-e18e-449d-bc55-a0a0e805ddf8" testListId="8c84fa94-04c1-424b-9868-57a2d4851a1d" />
  </TestEntries>
  <Results>
    <UnitTestResult executionId="28de7f96-e18e-449d-bc55-a0a0e805ddf8" testId="68f6ddcc-26ec-95b3-6b4b-3131e487882d" testName="TestFindAllGroups" computerName="FAKHRI" duration="00:00:26.3315356" startTime="2012-11-25T20:24:50.4194737+07:00" endTime="2012-11-25T20:25:16.8959880+07:00" testType="13cdc9d9-ddb5-4fa4-a97d-d965ccfc6d4b" outcome="Failed" testListId="8c84fa94-04c1-424b-9868-57a2d4851a1d" relativeResultsDirectory="28de7f96-e18e-449d-bc55-a0a0e805ddf8">
      <Output>
        <ErrorInfo>
          <Message>Test method porder.test.GroupingRepositoryTest.TestFindAllGroups threw exception: 
System.InvalidCastException: Unable to cast object of type 'System.Data.Entity.Internal.InternalSqlNonSetQuery' to type 'System.Collections.Generic.IEnumerable`1[porder.model.Grouping]'.</Message>
          <StackTrace>    at porder.data.GroupingRepository.FindAll() in E:\Projects\porder\porder.data\GroupingRepository.cs:line 19
   at porder.test.GroupingRepositoryTest.TestFindAllGroups() in E:\Projects\porder\porder.test\GroupingRepositoryTest.cs:line 74
</StackTrace>
        </ErrorInfo>
      </Output>
    </UnitTestResult>
  </Results>
</TestRun>